[2026-04-10 05:26:40] angle45 live status

MATLAB batch: RUNNING

CASE W_in=0.45 W_out=1.66 R_min=40 total_angle=45
  status: DONE
  lambda_center_nm=1550.000000
  T_list2_center_col1=1.0030177667
  T_list2_center_all=[ 1.0030177667 0.0004031572 0.0000303773 0.0000007378 0.0000318149 ]
  dir: /data/wcli/FDTD_sim/eulersbend_opt_20260409data/dat_eulersbend_opt_20260410/eulersbend_opt_etch_angle_83_h_wg_0.22_W_in_0.45_W_out_1.66_R_min_40_total_angle_deg_45_straight_length_5_N_point_501

CASE W_in=0.45 W_out=1.66 R_min=50 total_angle=45
  status: DONE
  lambda_center_nm=1550.000000
  T_list2_center_col1=1.0025311364
  T_list2_center_all=[ 1.0025311364 0.0007654366 0.0000252232 0.0000020135 0.0000990699 ]
  dir: /data/wcli/FDTD_sim/eulersbend_opt_20260409data/dat_eulersbend_opt_20260410/eulersbend_opt_etch_angle_83_h_wg_0.22_W_in_0.45_W_out_1.66_R_min_50_total_angle_deg_45_straight_length_5_N_point_501

CASE W_in=0.45 W_out=1.66 R_min=55 total_angle=45
  status: DONE
[2026-04-10 05:27:09] angle45 live status

[2026-04-10 05:28:09] angle45 live status

MATLAB batch: RUNNING

CASE W_in=0.45 W_out=1.66 R_min=40 total_angle=45
  status: DONE
[2026-04-10 05:29:05] angle45 live status

MATLAB batch: RUNNING

CASE W_in=0.45 W_out=1.66 R_min=40 total_angle=45
  status: DONE
